20241019	14:21:27	5f8bdad2-04c2-4ff6-8da7-9e7b05d34db8	POST	/gameSessions	undefined
20241019	14:22:30	d097bc55-77dd-4c70-ac8f-42367067960c	POST	/gameSessions	undefined
20241019	14:25:43	b498d653-d1a3-4935-bbf7-b6a94f7a9e6d	POST	/gameSessions	undefined
20241019	14:26:04	a6d5dbc7-1106-45b3-83e5-42f872d91e2b	GET	/gameSessions	undefined
20241019	14:29:55	dcb6a5bd-a8f0-41c5-89b3-bb90e24d633c	PATCH	/gameSessions?id=6713f9a719ca8e4137240cd2	undefined
20241019	14:31:06	9a44001a-b936-4bda-916d-3355bfafa7c9	PATCH	/gameSessions/6713f9a719ca8e4137240cd2	undefined
20241019	14:31:42	9ad116b1-3531-4dba-ae45-55cf86e1c576	PATCH	/gameSessions/6713f9a719ca8e4137240cd2	undefined
20241019	14:32:08	bc21abf8-25f5-413a-89dc-9f9ec1a9e216	DELETE	/gameSessions/6713f9a719ca8e4137240cd2	undefined
20241019	14:32:17	ac881d5f-4ca0-4e9f-b221-729a64d3865e	GET	/gameSessions	undefined
20241019	14:32:45	f5fb326c-1562-4f5d-a27c-d9dddeccd754	POST	/gameSessions	undefined
20241019	14:34:46	af2c00a6-b4d0-41d2-858a-bfcb2cd1908d	GET	/gameSessions	undefined
20241020	08:12:35	96058583-a45c-449a-ae3c-4eaed0b6085c	OPTIONS	/gameSessions	http://localhost:5173
20241020	08:12:35	ba4fdf4f-7f00-41ce-a977-0cf9e584d196	POST	/gameSessions	http://localhost:5173
20241020	08:15:08	257314db-2eb7-4dbc-af8c-ff9ba622024e	OPTIONS	/gameSessions	http://localhost:5173
20241020	08:15:08	c55cbf30-f328-4fe8-8197-6c7a690f51fb	POST	/gameSessions	http://localhost:5173
20241020	08:15:59	242dc113-0237-4a69-8671-8a11e32991bb	OPTIONS	/gameSessions	http://localhost:5173
20241020	08:15:59	fa2e7f3b-ebb2-43ae-a8dc-a3b1f3897c04	POST	/gameSessions	http://localhost:5173
20241020	08:17:58	3141688b-5a9f-4f17-9bca-da2413bc088d	GET	/gameSessions	undefined
20241020	08:36:01	fdaa25c4-38b2-493a-a4c2-b9cca44aa15a	GET	/gameSessions	undefined
20241020	08:36:16	d7eb4362-4ae0-4166-813d-9a8b9f42957b	POST	/gameSessions	undefined
20241020	08:36:55	b93b33d9-41d0-41da-ba5a-90f068d525cb	POST	/gameSessions	undefined
20241020	09:09:49	5e4d0511-5607-4974-a473-928c809f1150	PATCH	/gameSessions/6714f9675097b13fcbc00a37	undefined
20241020	09:12:01	9bd93a43-b2aa-43bb-b2f5-3b713d4ae48e	PATCH	/gameSessions/6714f9675097b13fcbc00a37	undefined
20241020	09:13:17	764400e0-b966-4e8c-b821-0eb4d3e54d6d	OPTIONS	/gameSessions	http://localhost:5173
20241020	09:13:17	73b5dc78-f89c-49d4-9979-32651ae44b0c	POST	/gameSessions	http://localhost:5173
20241020	09:19:47	540a1e95-e0b4-4b01-ae7f-306d5f906fb4	OPTIONS	/gameSessions	http://localhost:5173
20241020	09:19:47	aee01daf-619d-40a7-b345-ffc4c724ea4a	POST	/gameSessions	http://localhost:5173
20241020	09:25:15	8734055d-b647-4283-9711-7ddb0eedcafa	OPTIONS	/gameSessions	http://localhost:5173
20241020	09:25:15	068a5b72-4e9a-484e-921f-bc8c790091a5	POST	/gameSessions	http://localhost:5173
20241020	09:25:41	8cc05c19-b04c-4a9e-abaa-e10c979ab9b1	OPTIONS	/gameSessions	http://localhost:5173
20241020	09:25:41	5926b237-f4f1-4378-9c04-0ad3353e4894	POST	/gameSessions	http://localhost:5173
20241020	09:26:19	4849bf67-e470-4ca8-bb35-1638d7a942d2	OPTIONS	/gameSessions	http://localhost:5173
20241020	09:26:19	6202661a-ce10-44ce-9df3-ceb4df356f2d	POST	/gameSessions	http://localhost:5173
20241020	09:30:34	a2146f8c-b7af-4bab-93c4-d20efdf27690	OPTIONS	/gameSessions	http://localhost:5173
20241020	09:30:34	b90e47b3-9c13-4cd7-bc05-c517f7f004c6	POST	/gameSessions	http://localhost:5173
20241020	09:36:15	1895e191-df2b-4ac1-a2da-e0e3cb8bc6ec	OPTIONS	/gameSessions	http://localhost:5173
20241020	09:36:15	8b682426-99c0-4995-8cc8-f216e91b4391	POST	/gameSessions	http://localhost:5173
20241020	10:23:29	1efe7b21-334e-48b8-8699-e0ef8e5a95cc	OPTIONS	/gameSessions	http://localhost:5173
20241020	10:23:29	288a30f7-ad30-4cbb-a1a7-94c6dfa22adb	POST	/gameSessions	http://localhost:5173
20241020	10:29:45	901a8359-9328-4ae4-9ccd-b254c28a9998	OPTIONS	/gameSessions	http://localhost:5173
20241020	10:29:45	b91f57bc-4ffa-4925-878a-a67dd53b7c9d	POST	/gameSessions	http://localhost:5173
20241020	10:29:50	50546bfe-2983-408a-98a2-2cc6e6c180f1	OPTIONS	/gameSessions/undefined	http://localhost:5173
20241020	10:29:50	eba53d9c-e3ea-40e5-ba94-87bec000fca2	PATCH	/gameSessions/undefined	http://localhost:5173
20241020	10:37:14	0791534b-f2ad-4a30-a41d-774948a52492	OPTIONS	/gameSessions	http://localhost:5173
20241020	10:37:14	6034b56b-674d-426d-a7a3-0029b5a2c2c7	POST	/gameSessions	http://localhost:5173
20241020	10:37:20	27524d53-7479-4d40-9d89-c683bd18fbdc	OPTIONS	/gameSessions/6715159a16e8c2e6d1147b65	http://localhost:5173
20241020	10:37:20	11b974e9-246c-4462-a6f5-eae75f8aedb9	PATCH	/gameSessions/6715159a16e8c2e6d1147b65	http://localhost:5173
20241020	10:39:25	f72eb13d-4dca-4cae-ab33-aa1f61fd1a16	OPTIONS	/gameSessions	http://localhost:5173
20241020	10:39:25	49ce3be7-b143-45e1-9239-663addb63384	POST	/gameSessions	http://localhost:5173
20241020	10:39:58	b1dda4b3-bbb2-4722-a4e7-c8f1ea7f492f	OPTIONS	/gameSessions/6715161d16e8c2e6d1147ba4	http://localhost:5173
20241020	10:39:58	0e377faa-fe16-4391-b440-5ee146c2915b	PATCH	/gameSessions/6715161d16e8c2e6d1147ba4	http://localhost:5173
20241020	10:51:43	95080bfa-b177-4ffe-ab05-8386f0d5edb9	OPTIONS	/gameSessions	http://localhost:5173
20241020	10:51:43	34e87df0-a881-41d2-a21a-ebb23c1df844	POST	/gameSessions	http://localhost:5173
20241020	10:51:48	99ad44c9-308c-4191-b659-a56039e22ed4	OPTIONS	/gameSessions/671518ff16e8c2e6d1147bdc	http://localhost:5173
20241020	10:51:48	16e1f4e6-76f0-453b-a42f-9fb4d59e189e	PATCH	/gameSessions/671518ff16e8c2e6d1147bdc	http://localhost:5173
20241020	10:52:02	4d943c85-d13b-4cdd-b0c5-856172277f85	OPTIONS	/gameSessions/671518ff16e8c2e6d1147bdc	http://localhost:5173
20241020	10:52:02	25a32357-9571-4e57-a349-ab995abc40d7	PATCH	/gameSessions/671518ff16e8c2e6d1147bdc	http://localhost:5173
20241020	10:52:14	a7adf386-9746-40f1-aae7-1a4270e3a787	OPTIONS	/gameSessions/671518ff16e8c2e6d1147bdc	http://localhost:5173
20241020	10:52:14	3403dac6-79ab-44f7-b479-bd4a17f32572	PATCH	/gameSessions/671518ff16e8c2e6d1147bdc	http://localhost:5173
20241020	10:52:27	7c20b390-184f-46fd-ad2d-18331b03447d	OPTIONS	/gameSessions/671518ff16e8c2e6d1147bdc	http://localhost:5173
20241020	10:52:27	fa8ce9bb-cbf8-4af4-86e2-a92135d5bd35	PATCH	/gameSessions/671518ff16e8c2e6d1147bdc	http://localhost:5173
